Format: colon-separated for SVE and semicolon for non-SVE
Instrace: <PC>,<Opcode>,<isMem>
Memtrace: <TID>,<isBundle>,<isWrite>,<Size>,<Address>,<PC>
0x4006b0,0xa5484140,1
0,0,0,64,0x4200ec,0x4006b0
0x4006b4,0xa5484261,1
0,0,0,64,0x420044,0x4006b4
0x4006b8,0x85604260,1
0,3,0,4,0x420044,0x4006b8
0,2,0,4,0x420044,0x4006b8
0,2,0,4,0x420044,0x4006b8
0,2,0,4,0x420044,0x4006b8
0,2,0,4,0x420044,0x4006b8
0,2,0,4,0x420044,0x4006b8
0,2,0,4,0x420044,0x4006b8
0,2,0,4,0x420044,0x4006b8
0,2,0,4,0x420044,0x4006b8
0,2,0,4,0x420044,0x4006b8
0,2,0,4,0x420044,0x4006b8
0,2,0,4,0x420044,0x4006b8
0,2,0,4,0x420044,0x4006b8
0,2,0,4,0x420044,0x4006b8
0,2,0,4,0x420044,0x4006b8
0,6,0,4,0x420044,0x4006b8
0x4006bc,0x65800020,0
0x4006c0,0xe5484160,1
0,0,1,64,0x420194,0x4006c0
0x4006c4,0x04b0e3e8,0
0x4006c8,0x25a91d00,0
0x4006cc;0x54ffff24;0
0x4006b0,0xa5484140,1
0,0,0,64,0x42012c,0x4006b0
0x4006b4,0xa5484261,1
0,0,0,64,0x420084,0x4006b4
0x4006b8,0x85604260,1
0,3,0,4,0x420044,0x4006b8
0,2,0,4,0x420044,0x4006b8
0,2,0,4,0x420044,0x4006b8
0,2,0,4,0x420044,0x4006b8
0,2,0,4,0x420044,0x4006b8
0,2,0,4,0x420044,0x4006b8
0,2,0,4,0x420044,0x4006b8
0,2,0,4,0x420044,0x4006b8
0,2,0,4,0x420044,0x4006b8
0,2,0,4,0x420044,0x4006b8
0,2,0,4,0x420044,0x4006b8
0,2,0,4,0x420044,0x4006b8
0,2,0,4,0x420044,0x4006b8
0,2,0,4,0x420044,0x4006b8
0,2,0,4,0x420044,0x4006b8
0,6,0,4,0x420044,0x4006b8
0x4006bc,0x65800020,0
0x4006c0,0xe5484160,1
0,0,1,64,0x4201d4,0x4006c0
0x4006c4,0x04b0e3e8,0
0x4006c8,0x25a91d00,0
0x4006cc;0x54ffff24;0
0x4006b0,0xa5484140,1
0,0,0,40,0x42016c,0x4006b0
0x4006b4,0xa5484261,1
0,0,0,40,0x4200c4,0x4006b4
0x4006b8,0x85604260,1
0,3,0,4,0x420044,0x4006b8
0,2,0,4,0x420044,0x4006b8
0,2,0,4,0x420044,0x4006b8
0,2,0,4,0x420044,0x4006b8
0,2,0,4,0x420044,0x4006b8
0,2,0,4,0x420044,0x4006b8
0,2,0,4,0x420044,0x4006b8
0,2,0,4,0x420044,0x4006b8
0,2,0,4,0x420044,0x4006b8
0,6,0,4,0x420044,0x4006b8
0x4006bc,0x65800020,0
0x4006c0,0xe5484160,1
0,0,1,40,0x420214,0x4006c0
0x4006c4,0x04b0e3e8,0
0x4006c8,0x25a91d00,0
0x4006cc;0x54ffff24;0
