27, -1, 0, 1, 0, (nil), (nil)
40, 0, 0, 0, 64, 0x4202b8, 0x4007e0
41, 0, 0, 0, 64, 0x4200c0, 0x4007e4
42, 0, 3, 0, 4, 0x4200c0, 0x4007e8
43, 0, 2, 0, 4, 0x4200c4, 0x4007e8
44, 0, 2, 0, 4, 0x4200c8, 0x4007e8
45, 0, 2, 0, 4, 0x4200cc, 0x4007e8
46, 0, 2, 0, 4, 0x4200d0, 0x4007e8
47, 0, 2, 0, 4, 0x4200d4, 0x4007e8
48, 0, 2, 0, 4, 0x4200d8, 0x4007e8
49, 0, 2, 0, 4, 0x4200dc, 0x4007e8
50, 0, 2, 0, 4, 0x4200e0, 0x4007e8
51, 0, 2, 0, 4, 0x4200e4, 0x4007e8
52, 0, 2, 0, 4, 0x4200e8, 0x4007e8
53, 0, 2, 0, 4, 0x4200ec, 0x4007e8
54, 0, 2, 0, 4, 0x4200f0, 0x4007e8
55, 0, 2, 0, 4, 0x4200f4, 0x4007e8
56, 0, 2, 0, 4, 0x4200f8, 0x4007e8
57, 0, 6, 0, 4, 0x4200fc, 0x4007e8
58, 0, 0, 1, 64, 0x420360, 0x4007f0
59, 0, 0, 0, 64, 0x4202f8, 0x4007e0
60, 0, 0, 0, 64, 0x420100, 0x4007e4
61, 0, 3, 0, 4, 0x420100, 0x4007e8
62, 0, 2, 0, 4, 0x420104, 0x4007e8
63, 0, 2, 0, 4, 0x420108, 0x4007e8
64, 0, 2, 0, 4, 0x42010c, 0x4007e8
65, 0, 2, 0, 4, 0x420110, 0x4007e8
66, 0, 2, 0, 4, 0x420114, 0x4007e8
67, 0, 2, 0, 4, 0x420118, 0x4007e8
68, 0, 2, 0, 4, 0x42011c, 0x4007e8
69, 0, 2, 0, 4, 0x420120, 0x4007e8
70, 0, 2, 0, 4, 0x420124, 0x4007e8
71, 0, 2, 0, 4, 0x420128, 0x4007e8
72, 0, 2, 0, 4, 0x42012c, 0x4007e8
73, 0, 2, 0, 4, 0x420130, 0x4007e8
74, 0, 2, 0, 4, 0x420134, 0x4007e8
75, 0, 2, 0, 4, 0x420138, 0x4007e8
76, 0, 6, 0, 4, 0x42013c, 0x4007e8
77, 0, 0, 1, 64, 0x4203a0, 0x4007f0
78, 0, 0, 0, 36, 0x420338, 0x4007e0
79, 0, 0, 0, 36, 0x420140, 0x4007e4
80, 0, 3, 0, 4, 0x420140, 0x4007e8
81, 0, 2, 0, 4, 0x420144, 0x4007e8
82, 0, 2, 0, 4, 0x420148, 0x4007e8
83, 0, 2, 0, 4, 0x42014c, 0x4007e8
84, 0, 2, 0, 4, 0x420150, 0x4007e8
85, 0, 2, 0, 4, 0x420154, 0x4007e8
86, 0, 2, 0, 4, 0x420158, 0x4007e8
87, 0, 2, 0, 4, 0x42015c, 0x4007e8
88, 0, 6, 0, 4, 0x420160, 0x4007e8
89, 0, 0, 1, 36, 0x4203e0, 0x4007f0
90, -2, 0, 1, 0, (nil), (nil)
