0: 0, 0,  1, 32, 0x4202cc, 0x400648
1: 0, 0,  0, 16, 0x4007f0, 0x40064c
2: 0, 0,  0, 16, 0x400800, 0x400654
3: 0, 0,  1, 32, 0x4202ec, 0x40065c
4: 0, 0,  0, 16, 0x400810, 0x400660
5: 0, 0,  1, 32, 0x42032c, 0x400668
6: 0, 0,  0, 16, 0x400820, 0x40066c
7: 0, 0,  1,  8, 0x42036c, 0x400688
8: 0, 0,  1,  4, 0x420374, 0x400694
9: 0, 0,  1, 32, 0x42030c, 0x4006a0
10: 0, 0,  1,  4, 0x4200d4, 0x4006a4
11: 0, 0,  1, 32, 0x42034c, 0x4006ac
12, 2135052288, 0, 0, 64, 0x4202d0, 0x4006b4
13, 2135052288, 0, 0, 64, 0x4200d8, 0x4006b8
14, 2135052288, 3, 0, 4, 0x4200d8, 0x4006bc
15, 2135052288, 2, 0, 4, 0x4200dc, 0x4006bc
16, 2135052288, 2, 0, 4, 0x4200e0, 0x4006bc
17, 2135052288, 2, 0, 4, 0x4200e4, 0x4006bc
18, 2135052288, 2, 0, 4, 0x4200e8, 0x4006bc
19, 2135052288, 2, 0, 4, 0x4200ec, 0x4006bc
20, 2135052288, 2, 0, 4, 0x4200f0, 0x4006bc
21, 2135052288, 2, 0, 4, 0x4200f4, 0x4006bc
22, 2135052288, 2, 0, 4, 0x4200f8, 0x4006bc
23, 2135052288, 2, 0, 4, 0x4200fc, 0x4006bc
24, 2135052288, 2, 0, 4, 0x420100, 0x4006bc
25, 2135052288, 2, 0, 4, 0x420104, 0x4006bc
26, 2135052288, 2, 0, 4, 0x420108, 0x4006bc
27, 2135052288, 2, 0, 4, 0x42010c, 0x4006bc
28, 2135052288, 2, 0, 4, 0x420110, 0x4006bc
29, 2135052288, 6, 0, 4, 0x420114, 0x4006bc
30, 2135052288, 0, 1, 64, 0x420378, 0x4006c4
31, 2135052288, 0, 0, 64, 0x420310, 0x4006b4
32, 2135052288, 0, 0, 64, 0x420118, 0x4006b8
33, 2135052288, 3, 0, 4, 0x420118, 0x4006bc
34, 2135052288, 2, 0, 4, 0x42011c, 0x4006bc
35, 2135052288, 2, 0, 4, 0x420120, 0x4006bc
36, 2135052288, 2, 0, 4, 0x420124, 0x4006bc
37, 2135052288, 2, 0, 4, 0x420128, 0x4006bc
38, 2135052288, 2, 0, 4, 0x42012c, 0x4006bc
39, 2135052288, 2, 0, 4, 0x420130, 0x4006bc
40, 2135052288, 2, 0, 4, 0x420134, 0x4006bc
41, 2135052288, 2, 0, 4, 0x420138, 0x4006bc
42, 2135052288, 2, 0, 4, 0x42013c, 0x4006bc
43, 2135052288, 2, 0, 4, 0x420140, 0x4006bc
44, 2135052288, 2, 0, 4, 0x420144, 0x4006bc
45, 2135052288, 2, 0, 4, 0x420148, 0x4006bc
46, 2135052288, 2, 0, 4, 0x42014c, 0x4006bc
47, 2135052288, 2, 0, 4, 0x420150, 0x4006bc
48, 2135052288, 6, 0, 4, 0x420154, 0x4006bc
49, 2135052288, 0, 1, 64, 0x4203b8, 0x4006c4
50, 2135052288, 0, 0, 4, 0x420350, 0x4006b4
51, 2135052288, 0, 0, 4, 0x420354, 0x4006b4
52, 2135052288, 0, 0, 4, 0x420358, 0x4006b4
53, 2135052288, 0, 0, 4, 0x42035c, 0x4006b4
54, 2135052288, 0, 0, 4, 0x420360, 0x4006b4
55, 2135052288, 0, 0, 4, 0x420364, 0x4006b4
56, 2135052288, 0, 0, 4, 0x420368, 0x4006b4
57, 2135052288, 0, 0, 4, 0x42036c, 0x4006b4
58, 2135052288, 0, 0, 4, 0x420370, 0x4006b4
59, 2135052288, 0, 0, 4, 0x420158, 0x4006b8
60, 2135052288, 0, 0, 4, 0x42015c, 0x4006b8
61, 2135052288, 0, 0, 4, 0x420160, 0x4006b8
62, 2135052288, 0, 0, 4, 0x420164, 0x4006b8
63, 2135052288, 0, 0, 4, 0x420168, 0x4006b8
64, 2135052288, 0, 0, 4, 0x42016c, 0x4006b8
65, 2135052288, 0, 0, 4, 0x420170, 0x4006b8
66, 2135052288, 0, 0, 4, 0x420174, 0x4006b8
67, 2135052288, 0, 0, 4, 0x420178, 0x4006b8
68, 2135052288, 3, 0, 4, 0x420158, 0x4006bc
69, 2135052288, 2, 0, 4, 0x42015c, 0x4006bc
70, 2135052288, 2, 0, 4, 0x420160, 0x4006bc
71, 2135052288, 2, 0, 4, 0x420164, 0x4006bc
72, 2135052288, 2, 0, 4, 0x420168, 0x4006bc
73, 2135052288, 2, 0, 4, 0x42016c, 0x4006bc
74, 2135052288, 2, 0, 4, 0x420170, 0x4006bc
75, 2135052288, 2, 0, 4, 0x420174, 0x4006bc
76, 2135052288, 6, 0, 4, 0x420178, 0x4006bc
77, 2135052288, 0, 1, 4, 0x4203f8, 0x4006c4
78, 2135052288, 0, 1, 4, 0x4203fc, 0x4006c4
79, 2135052288, 0, 1, 4, 0x420400, 0x4006c4
80, 2135052288, 0, 1, 4, 0x420404, 0x4006c4
81, 2135052288, 0, 1, 4, 0x420408, 0x4006c4
82, 2135052288, 0, 1, 4, 0x42040c, 0x4006c4
83, 2135052288, 0, 1, 4, 0x420410, 0x4006c4
84, 2135052288, 0, 1, 4, 0x420414, 0x4006c4
85, 2135052288, 0, 1, 4, 0x420418, 0x4006c4
