0: 0, 0,  1, 32, 0x4202cc, 0x400648
1: 0, 0,  0, 16, 0x4007f0, 0x40064c
2: 0, 0,  0, 16, 0x400800, 0x400654
3: 0, 0,  1, 32, 0x4202ec, 0x40065c
4: 0, 0,  0, 16, 0x400810, 0x400660
5: 0, 0,  1, 32, 0x42032c, 0x400668
6: 0, 0,  0, 16, 0x400820, 0x40066c
7: 0, 0,  1,  8, 0x42036c, 0x400688
8: 0, 0,  1,  4, 0x420374, 0x400694
9: 0, 0,  1, 32, 0x42030c, 0x4006a0
10: 0, 0,  1,  4, 0x4200d4, 0x4006a4
11: 0, 0,  1, 32, 0x42034c, 0x4006ac
12, -1776816128, 0, 0, 32, 0x4202d0, 0x4006b4
13, -1776816128, 0, 0, 32, 0x4200d8, 0x4006b8
14, -1776816128, 3, 0, 4, 0x4200d8, 0x4006bc
15, -1776816128, 2, 0, 4, 0x4200dc, 0x4006bc
16, -1776816128, 2, 0, 4, 0x4200e0, 0x4006bc
17, -1776816128, 2, 0, 4, 0x4200e4, 0x4006bc
18, -1776816128, 2, 0, 4, 0x4200e8, 0x4006bc
19, -1776816128, 2, 0, 4, 0x4200ec, 0x4006bc
20, -1776816128, 2, 0, 4, 0x4200f0, 0x4006bc
21, -1776816128, 6, 0, 4, 0x4200f4, 0x4006bc
22, -1776816128, 0, 1, 32, 0x420378, 0x4006c4
23, -1776816128, 0, 0, 32, 0x4202f0, 0x4006b4
24, -1776816128, 0, 0, 32, 0x4200f8, 0x4006b8
25, -1776816128, 3, 0, 4, 0x4200f8, 0x4006bc
26, -1776816128, 2, 0, 4, 0x4200fc, 0x4006bc
27, -1776816128, 2, 0, 4, 0x420100, 0x4006bc
28, -1776816128, 2, 0, 4, 0x420104, 0x4006bc
29, -1776816128, 2, 0, 4, 0x420108, 0x4006bc
30, -1776816128, 2, 0, 4, 0x42010c, 0x4006bc
31, -1776816128, 2, 0, 4, 0x420110, 0x4006bc
32, -1776816128, 6, 0, 4, 0x420114, 0x4006bc
33, -1776816128, 0, 1, 32, 0x420398, 0x4006c4
34, -1776816128, 0, 0, 32, 0x420310, 0x4006b4
35, -1776816128, 0, 0, 32, 0x420118, 0x4006b8
36, -1776816128, 3, 0, 4, 0x420118, 0x4006bc
37, -1776816128, 2, 0, 4, 0x42011c, 0x4006bc
38, -1776816128, 2, 0, 4, 0x420120, 0x4006bc
39, -1776816128, 2, 0, 4, 0x420124, 0x4006bc
40, -1776816128, 2, 0, 4, 0x420128, 0x4006bc
41, -1776816128, 2, 0, 4, 0x42012c, 0x4006bc
42, -1776816128, 2, 0, 4, 0x420130, 0x4006bc
43, -1776816128, 6, 0, 4, 0x420134, 0x4006bc
44, -1776816128, 0, 1, 32, 0x4203b8, 0x4006c4
45, -1776816128, 0, 0, 32, 0x420330, 0x4006b4
46, -1776816128, 0, 0, 32, 0x420138, 0x4006b8
47, -1776816128, 3, 0, 4, 0x420138, 0x4006bc
48, -1776816128, 2, 0, 4, 0x42013c, 0x4006bc
49, -1776816128, 2, 0, 4, 0x420140, 0x4006bc
50, -1776816128, 2, 0, 4, 0x420144, 0x4006bc
51, -1776816128, 2, 0, 4, 0x420148, 0x4006bc
52, -1776816128, 2, 0, 4, 0x42014c, 0x4006bc
53, -1776816128, 2, 0, 4, 0x420150, 0x4006bc
54, -1776816128, 6, 0, 4, 0x420154, 0x4006bc
55, -1776816128, 0, 1, 32, 0x4203d8, 0x4006c4
56, -1776816128, 0, 0, 32, 0x420350, 0x4006b4
57, -1776816128, 0, 0, 32, 0x420158, 0x4006b8
58, -1776816128, 3, 0, 4, 0x420158, 0x4006bc
59, -1776816128, 2, 0, 4, 0x42015c, 0x4006bc
60, -1776816128, 2, 0, 4, 0x420160, 0x4006bc
61, -1776816128, 2, 0, 4, 0x420164, 0x4006bc
62, -1776816128, 2, 0, 4, 0x420168, 0x4006bc
63, -1776816128, 2, 0, 4, 0x42016c, 0x4006bc
64, -1776816128, 2, 0, 4, 0x420170, 0x4006bc
65, -1776816128, 6, 0, 4, 0x420174, 0x4006bc
66, -1776816128, 0, 1, 32, 0x4203f8, 0x4006c4
67, -1776816128, 0, 0, 4, 0x420370, 0x4006b4
68, -1776816128, 0, 0, 4, 0x420178, 0x4006b8
69, -1776816128, 7, 0, 4, 0x420178, 0x4006bc
70, -1776816128, 0, 1, 4, 0x420418, 0x4006c4
