0: 0, 0,  1, 32, 0x4202cc, 0x400648
1: 0, 0,  0, 16, 0x4007f0, 0x40064c
2: 0, 0,  0, 16, 0x400800, 0x400654
3: 0, 0,  1, 32, 0x4202ec, 0x40065c
4: 0, 0,  0, 16, 0x400810, 0x400660
5: 0, 0,  1, 32, 0x42032c, 0x400668
6: 0, 0,  0, 16, 0x400820, 0x40066c
7: 0, 0,  1,  8, 0x42036c, 0x400688
8: 0, 0,  1,  4, 0x420374, 0x400694
9: 0, 0,  1, 32, 0x42030c, 0x4006a0
10: 0, 0,  1,  4, 0x4200d4, 0x4006a4
11: 0, 0,  1, 32, 0x42034c, 0x4006ac
12, -1382027264, 0, 0, 128, 0x4202d0, 0x4006b4
13, -1382027264, 0, 0, 128, 0x4200d8, 0x4006b8
14, -1382027264, 3, 0, 4, 0x4200d8, 0x4006bc
15, -1382027264, 2, 0, 4, 0x4200dc, 0x4006bc
16, -1382027264, 2, 0, 4, 0x4200e0, 0x4006bc
17, -1382027264, 2, 0, 4, 0x4200e4, 0x4006bc
18, -1382027264, 2, 0, 4, 0x4200e8, 0x4006bc
19, -1382027264, 2, 0, 4, 0x4200ec, 0x4006bc
20, -1382027264, 2, 0, 4, 0x4200f0, 0x4006bc
21, -1382027264, 2, 0, 4, 0x4200f4, 0x4006bc
22, -1382027264, 2, 0, 4, 0x4200f8, 0x4006bc
23, -1382027264, 2, 0, 4, 0x4200fc, 0x4006bc
24, -1382027264, 2, 0, 4, 0x420100, 0x4006bc
25, -1382027264, 2, 0, 4, 0x420104, 0x4006bc
26, -1382027264, 2, 0, 4, 0x420108, 0x4006bc
27, -1382027264, 2, 0, 4, 0x42010c, 0x4006bc
28, -1382027264, 2, 0, 4, 0x420110, 0x4006bc
29, -1382027264, 2, 0, 4, 0x420114, 0x4006bc
30, -1382027264, 2, 0, 4, 0x420118, 0x4006bc
31, -1382027264, 2, 0, 4, 0x42011c, 0x4006bc
32, -1382027264, 2, 0, 4, 0x420120, 0x4006bc
33, -1382027264, 2, 0, 4, 0x420124, 0x4006bc
34, -1382027264, 2, 0, 4, 0x420128, 0x4006bc
35, -1382027264, 2, 0, 4, 0x42012c, 0x4006bc
36, -1382027264, 2, 0, 4, 0x420130, 0x4006bc
37, -1382027264, 2, 0, 4, 0x420134, 0x4006bc
38, -1382027264, 2, 0, 4, 0x420138, 0x4006bc
39, -1382027264, 2, 0, 4, 0x42013c, 0x4006bc
40, -1382027264, 2, 0, 4, 0x420140, 0x4006bc
41, -1382027264, 2, 0, 4, 0x420144, 0x4006bc
42, -1382027264, 2, 0, 4, 0x420148, 0x4006bc
43, -1382027264, 2, 0, 4, 0x42014c, 0x4006bc
44, -1382027264, 2, 0, 4, 0x420150, 0x4006bc
45, -1382027264, 6, 0, 4, 0x420154, 0x4006bc
46, -1382027264, 0, 1, 128, 0x420378, 0x4006c4
47, -1382027264, 0, 0, 4, 0x420350, 0x4006b4
48, -1382027264, 0, 0, 4, 0x420354, 0x4006b4
49, -1382027264, 0, 0, 4, 0x420358, 0x4006b4
50, -1382027264, 0, 0, 4, 0x42035c, 0x4006b4
51, -1382027264, 0, 0, 4, 0x420360, 0x4006b4
52, -1382027264, 0, 0, 4, 0x420364, 0x4006b4
53, -1382027264, 0, 0, 4, 0x420368, 0x4006b4
54, -1382027264, 0, 0, 4, 0x42036c, 0x4006b4
55, -1382027264, 0, 0, 4, 0x420370, 0x4006b4
56, -1382027264, 0, 0, 4, 0x420158, 0x4006b8
57, -1382027264, 0, 0, 4, 0x42015c, 0x4006b8
58, -1382027264, 0, 0, 4, 0x420160, 0x4006b8
59, -1382027264, 0, 0, 4, 0x420164, 0x4006b8
60, -1382027264, 0, 0, 4, 0x420168, 0x4006b8
61, -1382027264, 0, 0, 4, 0x42016c, 0x4006b8
62, -1382027264, 0, 0, 4, 0x420170, 0x4006b8
63, -1382027264, 0, 0, 4, 0x420174, 0x4006b8
64, -1382027264, 0, 0, 4, 0x420178, 0x4006b8
65, -1382027264, 3, 0, 4, 0x420158, 0x4006bc
66, -1382027264, 2, 0, 4, 0x42015c, 0x4006bc
67, -1382027264, 2, 0, 4, 0x420160, 0x4006bc
68, -1382027264, 2, 0, 4, 0x420164, 0x4006bc
69, -1382027264, 2, 0, 4, 0x420168, 0x4006bc
70, -1382027264, 2, 0, 4, 0x42016c, 0x4006bc
71, -1382027264, 2, 0, 4, 0x420170, 0x4006bc
72, -1382027264, 2, 0, 4, 0x420174, 0x4006bc
73, -1382027264, 6, 0, 4, 0x420178, 0x4006bc
74, -1382027264, 0, 1, 4, 0x4203f8, 0x4006c4
75, -1382027264, 0, 1, 4, 0x4203fc, 0x4006c4
76, -1382027264, 0, 1, 4, 0x420400, 0x4006c4
77, -1382027264, 0, 1, 4, 0x420404, 0x4006c4
78, -1382027264, 0, 1, 4, 0x420408, 0x4006c4
79, -1382027264, 0, 1, 4, 0x42040c, 0x4006c4
80, -1382027264, 0, 1, 4, 0x420410, 0x4006c4
81, -1382027264, 0, 1, 4, 0x420414, 0x4006c4
82, -1382027264, 0, 1, 4, 0x420418, 0x4006c4
